number,value,datetime_start,datetime_complete,duration,params_anneal_cap,params_batch_size,params_dropout,params_latent_dim,params_lr,system_attrs_tpe:relative_params:0,state
0,0.030534402969564774,2026-10-07 03:36:45.065428,2026-10-07 03:39:35.728352,0 days 00:02:50.662924,0.5,512,0.2,512,0.005,,COMPLETE
1,0.004786197757762857,2026-10-07 03:39:35.811584,2026-10-07 03:44:45.972253,0 days 00:05:10.160669,0.2,512,0.7,128,0.0001,,COMPLETE
2,0.022397803324517778,2026-10-07 03:44:46.006305,2026-10-07 03:47:50.993966,0 days 00:03:04.987661,0.1,128,0.7,64,0.005,,COMPLETE
3,0.005267594098190385,2026-10-07 03:47:51.016973,2026-10-07 03:49:43.790857,0 days 00:01:52.773884,0.05,512,0.2,128,0.0001,,COMPLETE
4,0.007555874279515078,2026-10-07 03:49:43.811521,2026-10-07 03:52:36.186971,0 days 00:02:52.375450,0.5,128,0.8,32,0.0001,,COMPLETE
5,0.003889633586404462,2026-10-07 03:52:36.251271,2026-10-07 04:00:23.917633,0 days 00:07:47.666362,0.1,64,0.7,128,0.01,,COMPLETE
6,0.01022852498142024,2026-10-07 04:00:23.959777,2026-10-07 04:02:49.079717,0 days 00:02:25.119940,0.05,128,0.5,32,0.0001,,COMPLETE
7,0.02338951893082337,2026-10-07 04:02:49.125886,2026-10-07 04:05:35.232253,0 days 00:02:46.106367,0.1,128,0.0,256,0.001,,COMPLETE
8,0.007107544659323843,2026-10-07 04:05:35.282866,2026-10-07 04:08:08.667537,0 days 00:02:33.384671,0.2,256,0.2,64,0.0001,,COMPLETE
9,0.02722678859463871,2026-10-07 04:08:08.721469,2026-10-07 04:18:05.859996,0 days 00:09:57.138527,0.2,64,0.2,512,0.0001,,COMPLETE
10,0.044926007250055494,2026-10-07 04:18:05.959501,2026-10-07 04:20:52.842594,0 days 00:02:46.883093,0.5,512,0.2,512,0.001,"{""anneal_cap"": 0.5, ""batch_size"": 512, ""dropout"": 0.2, ""latent_dim"": 512, ""lr"": 0.001}",COMPLETE
11,0.004361037039858753,2026-10-07 04:20:52.897206,2026-10-07 04:24:29.810954,0 days 00:03:36.913748,0.5,512,0.2,512,5e-05,"{""anneal_cap"": 0.5, ""batch_size"": 512, ""dropout"": 0.2, ""latent_dim"": 512, ""lr"": 5e-05}",COMPLETE
12,0.023419657234061184,2026-10-07 04:24:29.886066,2026-10-07 04:30:13.517219,0 days 00:05:43.631153,0.5,512,0.7,512,0.005,"{""anneal_cap"": 0.5, ""batch_size"": 512, ""dropout"": 0.7, ""latent_dim"": 512, ""lr"": 0.005}",COMPLETE
13,0.031131310522396483,2026-10-07 04:30:13.576981,2026-10-07 04:32:11.308551,0 days 00:01:57.731570,0.5,256,0.8,256,0.001,"{""anneal_cap"": 0.5, ""batch_size"": 256, ""dropout"": 0.8, ""latent_dim"": 256, ""lr"": 0.001}",COMPLETE
14,0.03486625394260905,2026-10-07 04:32:11.366258,2026-10-07 04:34:21.114326,0 days 00:02:09.748068,0.5,256,0.5,256,0.001,"{""anneal_cap"": 0.5, ""batch_size"": 256, ""dropout"": 0.5, ""latent_dim"": 256, ""lr"": 0.001}",COMPLETE
15,0.009939134809613507,2026-10-07 04:34:21.173044,2026-10-07 04:36:36.209976,0 days 00:02:15.036932,0.5,256,0.5,64,0.01,"{""anneal_cap"": 0.5, ""batch_size"": 256, ""dropout"": 0.5, ""latent_dim"": 64, ""lr"": 0.01}",COMPLETE
16,0.03752179641166146,2026-10-07 04:36:36.262295,2026-10-07 04:38:46.411502,0 days 00:02:10.149207,0.2,256,0.5,512,0.001,"{""anneal_cap"": 0.2, ""batch_size"": 256, ""dropout"": 0.5, ""latent_dim"": 512, ""lr"": 0.001}",COMPLETE
17,0.03697173251628307,2026-10-07 04:38:46.437779,2026-10-07 04:42:50.414647,0 days 00:04:03.976868,0.2,64,0.5,32,0.001,"{""anneal_cap"": 0.2, ""batch_size"": 64, ""dropout"": 0.5, ""latent_dim"": 32, ""lr"": 0.001}",COMPLETE
18,0.004715318386478109,2026-10-07 04:42:50.466116,2026-10-07 04:45:04.376743,0 days 00:02:13.910627,0.2,256,0.0,512,5e-05,"{""anneal_cap"": 0.2, ""batch_size"": 256, ""dropout"": 0.0, ""latent_dim"": 512, ""lr"": 5e-05}",COMPLETE
19,0.032267475148941856,2026-10-07 04:45:04.434110,2026-10-07 04:47:40.674659,0 days 00:02:36.240549,0.05,512,0.2,512,0.001,"{""anneal_cap"": 0.05, ""batch_size"": 512, ""dropout"": 0.2, ""latent_dim"": 512, ""lr"": 0.001}",COMPLETE
