number,value,datetime_start,datetime_complete,duration,params_anneal_cap,params_batch_size,params_dropout,params_latent_dim,params_lr,system_attrs_tpe:relative_params:0,state
0,0.3023174022608963,2026-10-07 03:36:48.791078,2026-10-07 03:39:06.149735,0 days 00:02:17.358657,0.5,512,0.2,512,0.005,,COMPLETE
1,0.3441562550858369,2026-10-07 03:39:06.211123,2026-10-07 03:43:16.007988,0 days 00:04:09.796865,0.2,512,0.7,128,0.0001,,COMPLETE
2,0.29996355685734155,2026-10-07 03:43:16.034918,2026-10-07 03:46:13.899464,0 days 00:02:57.864546,0.1,128,0.7,64,0.005,,COMPLETE
3,0.3422231529307399,2026-10-07 03:46:13.932801,2026-10-07 03:47:55.936445,0 days 00:01:42.003644,0.05,512,0.2,128,0.0001,,COMPLETE
4,0.3255353199380981,2026-10-07 03:47:55.954348,2026-10-07 03:50:03.899463,0 days 00:02:07.945115,0.5,128,0.8,32,0.0001,,COMPLETE
5,0.2682626179810679,2026-10-07 03:50:03.928926,2026-10-07 03:55:52.101046,0 days 00:05:48.172120,0.1,64,0.7,128,0.01,,COMPLETE
6,0.319951789030107,2026-10-07 03:55:52.133383,2026-10-07 03:58:25.696388,0 days 00:02:33.563005,0.05,128,0.5,32,0.0001,,COMPLETE
7,0.27876162645447233,2026-10-07 03:58:25.719839,2026-10-07 04:00:47.625724,0 days 00:02:21.905885,0.1,128,0.0,256,0.001,,COMPLETE
8,0.3264695201001831,2026-10-07 04:00:47.674988,2026-10-07 04:02:11.189518,0 days 00:01:23.514530,0.2,256,0.2,64,0.0001,,COMPLETE
9,0.32139987118496566,2026-10-07 04:02:11.234230,2026-10-07 04:04:11.794456,0 days 00:02:00.560226,0.2,64,0.2,512,0.0001,,COMPLETE
10,0.3237674612257778,2026-10-07 04:04:11.838325,2026-10-07 04:05:19.933228,0 days 00:01:08.094903,0.2,512,0.7,32,0.0005,"{""anneal_cap"": 0.2, ""batch_size"": 512, ""dropout"": 0.7, ""latent_dim"": 32, ""lr"": 0.0005}",COMPLETE
11,0.3374338853081875,2026-10-07 04:05:19.969383,2026-10-07 04:06:48.669024,0 days 00:01:28.699641,0.2,128,0.7,128,0.0001,"{""anneal_cap"": 0.2, ""batch_size"": 128, ""dropout"": 0.7, ""latent_dim"": 128, ""lr"": 0.0001}",COMPLETE
12,0.2931209905393737,2026-10-07 04:06:48.697810,2026-10-07 04:08:30.676744,0 days 00:01:41.978934,0.05,512,0.2,128,0.001,"{""anneal_cap"": 0.05, ""batch_size"": 512, ""dropout"": 0.2, ""latent_dim"": 128, ""lr"": 0.001}",COMPLETE
13,0.3491406685305245,2026-10-07 04:08:30.725801,2026-10-07 04:10:41.255718,0 days 00:02:10.529917,0.05,512,0.7,128,0.0001,"{""anneal_cap"": 0.05, ""batch_size"": 512, ""dropout"": 0.7, ""latent_dim"": 128, ""lr"": 0.0001}",COMPLETE
14,0.34620944001838944,2026-10-07 04:10:41.327764,2026-10-07 04:13:29.684188,0 days 00:02:48.356424,0.2,512,0.7,64,0.0001,"{""anneal_cap"": 0.2, ""batch_size"": 512, ""dropout"": 0.7, ""latent_dim"": 64, ""lr"": 0.0001}",COMPLETE
15,0.3055904234251566,2026-10-07 04:13:29.726149,2026-10-07 04:17:45.947148,0 days 00:04:16.220999,0.2,512,0.8,64,0.01,"{""anneal_cap"": 0.2, ""batch_size"": 512, ""dropout"": 0.8, ""latent_dim"": 64, ""lr"": 0.01}",COMPLETE
16,0.24376979050959388,2026-10-07 04:17:45.985355,2026-10-07 04:20:36.168073,0 days 00:02:50.182718,0.05,512,0.7,512,0.01,"{""anneal_cap"": 0.05, ""batch_size"": 512, ""dropout"": 0.7, ""latent_dim"": 512, ""lr"": 0.01}",COMPLETE
17,0.34677705829484784,2026-10-07 04:20:36.223338,2026-10-07 04:22:41.561915,0 days 00:02:05.338577,0.1,512,0.7,64,0.0001,"{""anneal_cap"": 0.1, ""batch_size"": 512, ""dropout"": 0.7, ""latent_dim"": 64, ""lr"": 0.0001}",COMPLETE
18,0.33815638549551735,2026-10-07 04:22:41.633205,2026-10-07 04:25:39.697502,0 days 00:02:58.064297,0.1,256,0.7,64,0.0001,"{""anneal_cap"": 0.1, ""batch_size"": 256, ""dropout"": 0.7, ""latent_dim"": 64, ""lr"": 0.0001}",COMPLETE
19,0.3491603553119098,2026-10-07 04:25:39.765608,2026-10-07 04:28:49.688215,0 days 00:03:09.922607,0.1,512,0.7,256,0.0001,"{""anneal_cap"": 0.1, ""batch_size"": 512, ""dropout"": 0.7, ""latent_dim"": 256, ""lr"": 0.0001}",COMPLETE
