number,value,datetime_start,datetime_complete,duration,params_reg,system_attrs_tpe:relative_params:0,state
0,0.3101948297498124,2026-10-06 17:43:42.846853,2026-10-06 17:43:53.691697,0 days 00:00:10.844844,500.0,,COMPLETE
1,0.3115263696487486,2026-10-06 17:43:53.691951,2026-10-06 17:44:03.723777,0 days 00:00:10.031826,100.0,,COMPLETE
2,0.30210092390361093,2026-10-06 17:44:03.723961,2026-10-06 17:44:13.164182,0 days 00:00:09.440221,1.0,,COMPLETE
3,0.30594128981899615,2026-10-06 17:44:13.164465,2026-10-06 17:44:23.590452,0 days 00:00:10.425987,200.0,,COMPLETE
4,0.31614098849124883,2026-10-06 17:44:23.590724,2026-10-06 17:44:34.338574,0 days 00:00:10.747850,50.0,,COMPLETE
5,0.3115263696487486,2026-10-06 17:44:34.338844,2026-10-06 17:44:44.665024,0 days 00:00:10.326180,100.0,,COMPLETE
6,0.32099695198027467,2026-10-06 17:44:44.665306,2026-10-06 17:44:54.472891,0 days 00:00:09.807585,10.0,,COMPLETE
7,0.31614098849124883,2026-10-06 17:44:54.473112,2026-10-06 17:45:04.746887,0 days 00:00:10.273775,50.0,,COMPLETE
8,0.3101948297498124,2026-10-06 17:45:04.747108,2026-10-06 17:45:14.680329,0 days 00:00:09.933221,500.0,,COMPLETE
9,0.3101948297498124,2026-10-06 17:45:14.680537,2026-10-06 17:45:24.619737,0 days 00:00:09.939200,500.0,,COMPLETE
10,0.32099695198027467,2026-10-06 17:45:24.619934,2026-10-06 17:45:34.303664,0 days 00:00:09.683730,10.0,"{""reg"": 10.0}",COMPLETE
11,0.32099695198027467,2026-10-06 17:45:34.303945,2026-10-06 17:45:44.265659,0 days 00:00:09.961714,10.0,"{""reg"": 10.0}",COMPLETE
12,0.32099695198027467,2026-10-06 17:45:44.265874,2026-10-06 17:45:54.373857,0 days 00:00:10.107983,10.0,"{""reg"": 10.0}",COMPLETE
13,0.32099695198027467,2026-10-06 17:45:54.374104,2026-10-06 17:46:04.248394,0 days 00:00:09.874290,10.0,"{""reg"": 10.0}",COMPLETE
14,0.31337216613235036,2026-10-06 17:46:04.248622,2026-10-06 17:46:14.265684,0 days 00:00:10.017062,5.0,"{""reg"": 5.0}",COMPLETE
15,0.3171706925410155,2026-10-06 17:46:14.265854,2026-10-06 17:46:24.251295,0 days 00:00:09.985441,1000.0,"{""reg"": 1000.0}",COMPLETE
16,0.3195479964763938,2026-10-06 17:46:24.251501,2026-10-06 17:46:34.496636,0 days 00:00:10.245135,2000.0,"{""reg"": 2000.0}",COMPLETE
17,0.32099695198027467,2026-10-06 17:46:34.496991,2026-10-06 17:46:44.741166,0 days 00:00:10.244175,10.0,"{""reg"": 10.0}",COMPLETE
18,0.32099695198027467,2026-10-06 17:46:44.741541,2026-10-06 17:46:55.118433,0 days 00:00:10.376892,10.0,"{""reg"": 10.0}",COMPLETE
19,0.30210092390361093,2026-10-06 17:46:55.118626,2026-10-06 17:47:05.045705,0 days 00:00:09.927079,1.0,"{""reg"": 1.0}",COMPLETE
