number,value,datetime_start,datetime_complete,duration,params_batch_size,params_dropout,params_latent_dim,params_lr,params_reg_1,params_reg_2,system_attrs_tpe:relative_params:0,state
0,0.27537572112726744,2026-10-06 17:53:26.674638,2026-10-06 17:53:59.572949,0 days 00:00:32.898311,512,0.1,256,0.005,0.0,1.0,,COMPLETE
1,0.25308994432028076,2026-10-06 17:53:59.573306,2026-10-06 17:54:25.029851,0 days 00:00:25.456545,256,0.0,128,0.01,0.0,0.0001,,COMPLETE
2,0.3590238959876415,2026-10-06 17:54:25.030063,2026-10-06 17:54:45.629686,0 days 00:00:20.599623,256,0.0,64,0.0001,0.0,0.01,,COMPLETE
3,0.35049125346908827,2026-10-06 17:54:45.629857,2026-10-06 17:55:48.704079,0 days 00:01:03.074222,128,0.1,256,5e-05,0.0,0.01,,COMPLETE
4,0.349163660243241,2026-10-06 17:55:48.704309,2026-10-06 17:56:24.855631,0 days 00:00:36.151322,128,0.7,32,5e-05,0.0,0.0001,,COMPLETE
5,0.281293265049427,2026-10-06 17:56:24.855832,2026-10-06 17:57:52.003181,0 days 00:01:27.147349,64,0.1,256,0.0005,0.0,0.0,,COMPLETE
6,0.33754089643095925,2026-10-06 17:57:52.003426,2026-10-06 17:58:27.291704,0 days 00:00:35.288278,128,0.7,16,0.001,0.0,0.001,,COMPLETE
7,0.33796469688433534,2026-10-06 17:58:27.291881,2026-10-06 17:58:52.145479,0 days 00:00:24.853598,512,0.7,16,0.005,0.0,0.0001,,COMPLETE
8,0.33209014677076587,2026-10-06 17:58:52.145661,2026-10-06 18:00:13.822609,0 days 00:01:21.676948,64,0.1,256,0.0001,0.0,0.0001,,COMPLETE
9,0.32941935377358805,2026-10-06 18:00:13.822782,2026-10-06 18:00:39.745940,0 days 00:00:25.923158,512,0.1,128,0.001,0.0,1e-05,,COMPLETE
10,0.3628243756804747,2026-10-06 18:00:39.746122,2026-10-06 18:01:09.625527,0 days 00:00:29.879405,256,0.3,64,0.0001,0.0,0.0,"{""batch_size"": 256, ""dropout"": 0.3, ""latent_dim"": 64, ""lr"": 0.0001, ""reg_2"": 0.0}",COMPLETE
11,0.36375583493969876,2026-10-06 18:01:09.625710,2026-10-06 18:01:40.988760,0 days 00:00:31.363050,256,0.3,64,0.0001,0.0,0.0,"{""batch_size"": 256, ""dropout"": 0.3, ""latent_dim"": 64, ""lr"": 0.0001, ""reg_2"": 0.0}",COMPLETE
12,0.29631437059287574,2026-10-06 18:01:40.988945,2026-10-06 18:02:11.055304,0 days 00:00:30.066359,256,0.3,64,0.01,0.0,0.0,"{""batch_size"": 256, ""dropout"": 0.3, ""latent_dim"": 64, ""lr"": 0.01, ""reg_2"": 0.0}",COMPLETE
13,0.35054096997717016,2026-10-06 18:02:11.055486,2026-10-06 18:02:50.885090,0 days 00:00:39.829604,128,0.3,64,0.0001,0.0,0.0,"{""batch_size"": 128, ""dropout"": 0.3, ""latent_dim"": 64, ""lr"": 0.0001, ""reg_2"": 0.0}",COMPLETE
14,0.34888416165350644,2026-10-06 18:02:50.885642,2026-10-06 18:03:21.793475,0 days 00:00:30.907833,256,0.3,32,0.0001,0.0,0.0,"{""batch_size"": 256, ""dropout"": 0.3, ""latent_dim"": 32, ""lr"": 0.0001, ""reg_2"": 0.0}",COMPLETE
15,0.36363474540253066,2026-10-06 18:03:21.793660,2026-10-06 18:03:52.040652,0 days 00:00:30.246992,256,0.1,64,0.0001,0.0,0.0,"{""batch_size"": 256, ""dropout"": 0.1, ""latent_dim"": 64, ""lr"": 0.0001, ""reg_2"": 0.0}",COMPLETE
16,0.27786616889798277,2026-10-06 18:03:52.040876,2026-10-06 18:04:26.437000,0 days 00:00:34.396124,256,0.1,128,0.005,0.0,0.0,"{""batch_size"": 256, ""dropout"": 0.1, ""latent_dim"": 128, ""lr"": 0.005, ""reg_2"": 0.0}",COMPLETE
17,0.3365973579595706,2026-10-06 18:04:26.437186,2026-10-06 18:04:57.717035,0 days 00:00:31.279849,256,0.1,64,0.001,0.0,0.1,"{""batch_size"": 256, ""dropout"": 0.1, ""latent_dim"": 64, ""lr"": 0.001, ""reg_2"": 0.1}",COMPLETE
18,0.36072954990535466,2026-10-06 18:04:57.717545,2026-10-06 18:05:27.393465,0 days 00:00:29.675920,256,0.1,64,0.0001,0.0,0.0001,"{""batch_size"": 256, ""dropout"": 0.1, ""latent_dim"": 64, ""lr"": 0.0001, ""reg_2"": 0.0001}",COMPLETE
19,0.32987512780787626,2026-10-06 18:05:27.393656,2026-10-06 18:06:11.843534,0 days 00:00:44.449878,256,0.5,256,0.0005,0.0,1e-05,"{""batch_size"": 256, ""dropout"": 0.5, ""latent_dim"": 256, ""lr"": 0.0005, ""reg_2"": 1e-05}",COMPLETE
