number,value,datetime_start,datetime_complete,duration,params_reg,system_attrs_tpe:relative_params:0,state
0,0.031029268037343134,2026-10-06 18:07:09.913912,2026-10-06 18:07:30.722734,0 days 00:00:20.808822,500.0,,COMPLETE
1,0.03280232737533146,2026-10-06 18:07:30.759259,2026-10-06 18:07:50.669430,0 days 00:00:19.910171,100.0,,COMPLETE
2,0.02760808030081016,2026-10-06 18:07:50.682427,2026-10-06 18:08:14.284024,0 days 00:00:23.601597,1.0,,COMPLETE
3,0.032691256793831044,2026-10-06 18:08:14.295422,2026-10-06 18:08:36.647601,0 days 00:00:22.352179,200.0,,COMPLETE
4,0.03578264989090339,2026-10-06 18:08:36.661450,2026-10-06 18:08:58.165816,0 days 00:00:21.504366,50.0,,COMPLETE
5,0.03280232737533146,2026-10-06 18:08:58.178774,2026-10-06 18:09:19.054217,0 days 00:00:20.875443,100.0,,COMPLETE
6,0.031534340291734034,2026-10-06 18:09:19.065727,2026-10-06 18:09:40.996122,0 days 00:00:21.930395,10.0,,COMPLETE
7,0.03578264989090339,2026-10-06 18:09:41.007412,2026-10-06 18:10:05.428613,0 days 00:00:24.421201,50.0,,COMPLETE
8,0.031029268037343134,2026-10-06 18:10:05.455764,2026-10-06 18:10:27.765444,0 days 00:00:22.309680,500.0,,COMPLETE
9,0.031029268037343134,2026-10-06 18:10:27.776640,2026-10-06 18:10:50.815365,0 days 00:00:23.038725,500.0,,COMPLETE
10,0.03578264989090339,2026-10-06 18:10:50.827895,2026-10-06 18:11:10.690954,0 days 00:00:19.863059,50.0,"{""reg"": 50.0}",COMPLETE
11,0.03578264989090339,2026-10-06 18:11:10.705091,2026-10-06 18:11:30.762300,0 days 00:00:20.057209,50.0,"{""reg"": 50.0}",COMPLETE
12,0.03578264989090339,2026-10-06 18:11:30.773619,2026-10-06 18:11:49.932270,0 days 00:00:19.158651,50.0,"{""reg"": 50.0}",COMPLETE
13,0.029453891814250857,2026-10-06 18:11:49.953430,2026-10-06 18:12:09.794128,0 days 00:00:19.840698,2000.0,"{""reg"": 2000.0}",COMPLETE
14,0.029616366388056866,2026-10-06 18:12:09.804959,2026-10-06 18:12:28.595762,0 days 00:00:18.790803,5.0,"{""reg"": 5.0}",COMPLETE
15,0.030280649513468975,2026-10-06 18:12:28.606105,2026-10-06 18:12:45.694154,0 days 00:00:17.088049,1000.0,"{""reg"": 1000.0}",COMPLETE
16,0.03578264989090339,2026-10-06 18:12:45.705001,2026-10-06 18:13:04.405934,0 days 00:00:18.700933,50.0,"{""reg"": 50.0}",COMPLETE
17,0.03578264989090339,2026-10-06 18:13:04.417438,2026-10-06 18:13:26.167166,0 days 00:00:21.749728,50.0,"{""reg"": 50.0}",COMPLETE
18,0.032691256793831044,2026-10-06 18:13:26.179407,2026-10-06 18:13:44.898709,0 days 00:00:18.719302,200.0,"{""reg"": 200.0}",COMPLETE
19,0.02760808030081016,2026-10-06 18:13:44.909066,2026-10-06 18:14:05.517695,0 days 00:00:20.608629,1.0,"{""reg"": 1.0}",COMPLETE
