number,value,datetime_start,datetime_complete,duration,params_batch_size,params_dropout,params_latent_dim,params_lr,params_reg_1,params_reg_2,system_attrs_tpe:relative_params:0,state
0,0.04214028263937638,2026-10-06 19:21:21.878707,2026-10-06 19:26:46.376053,0 days 00:05:24.497346,512,0.1,256,0.005,0.0,1.0,,COMPLETE
1,0.03066479438033454,2026-10-06 19:26:46.383093,2026-10-06 19:35:52.966859,0 days 00:09:06.583766,256,0.0,128,0.01,0.0,0.0001,,COMPLETE
2,0.005910996470674331,2026-10-06 19:35:52.975814,2026-10-06 19:36:59.071295,0 days 00:01:06.095481,256,0.0,64,0.0001,0.0,0.01,,COMPLETE
3,0.003747513086888746,2026-10-06 19:36:59.073779,2026-10-06 19:38:05.268065,0 days 00:01:06.194286,128,0.1,256,5e-05,0.0,0.01,,COMPLETE
4,0.004195720417870723,2026-10-06 19:38:05.270907,2026-10-06 19:38:36.151172,0 days 00:00:30.880265,128,0.7,32,5e-05,0.0,0.0001,,COMPLETE
5,0.028839457116500898,2026-10-06 19:38:36.153882,2026-10-06 19:40:12.785210,0 days 00:01:36.631328,64,0.1,256,0.0005,0.0,0.0,,COMPLETE
6,0.004115650332418086,2026-10-06 19:40:12.788006,2026-10-06 19:40:43.204548,0 days 00:00:30.416542,128,0.7,16,0.001,0.0,0.001,,COMPLETE
7,0.004284665258668921,2026-10-06 19:40:43.207666,2026-10-06 19:41:14.142801,0 days 00:00:30.935135,512,0.7,16,0.005,0.0,0.0001,,COMPLETE
8,0.0046072753420723,2026-10-06 19:41:14.145410,2026-10-06 19:42:40.187594,0 days 00:01:26.042184,64,0.1,256,0.0001,0.0,0.0001,,COMPLETE
9,0.00396927992186729,2026-10-06 19:42:40.190246,2026-10-06 19:43:08.333679,0 days 00:00:28.143433,512,0.1,128,0.001,0.0,1e-05,,COMPLETE
10,0.0019088152079100114,2026-10-06 19:43:08.336392,2026-10-06 19:43:37.326697,0 days 00:00:28.990305,512,0.0,256,5e-05,0.0,1.0,"{""batch_size"": 512, ""dropout"": 0.0, ""latent_dim"": 256, ""lr"": 5e-05, ""reg_2"": 1.0}",COMPLETE
11,0.020045273274008197,2026-10-06 19:43:37.329514,2026-10-06 19:44:25.720624,0 days 00:00:48.391110,256,0.3,256,0.01,0.0,0.0001,"{""batch_size"": 256, ""dropout"": 0.3, ""latent_dim"": 256, ""lr"": 0.01, ""reg_2"": 0.0001}",COMPLETE
12,0.023786295593515343,2026-10-06 19:44:25.723619,2026-10-06 19:44:47.351897,0 days 00:00:21.628278,256,0.0,128,0.01,0.0,0.0001,"{""batch_size"": 256, ""dropout"": 0.0, ""latent_dim"": 128, ""lr"": 0.01, ""reg_2"": 0.0001}",COMPLETE
13,0.005803531569320336,2026-10-06 19:44:47.354767,2026-10-06 19:45:10.471072,0 days 00:00:23.116305,512,0.1,32,0.005,0.0,1.0,"{""batch_size"": 512, ""dropout"": 0.1, ""latent_dim"": 32, ""lr"": 0.005, ""reg_2"": 1.0}",COMPLETE
14,0.004768082866281875,2026-10-06 19:45:10.474263,2026-10-06 19:45:42.504351,0 days 00:00:32.030088,256,0.1,128,5e-05,0.0,0.001,"{""batch_size"": 256, ""dropout"": 0.1, ""latent_dim"": 128, ""lr"": 5e-05, ""reg_2"": 0.001}",COMPLETE
15,0.040289713270271296,2026-10-06 19:45:42.507117,2026-10-06 19:46:28.873314,0 days 00:00:46.366197,512,0.5,256,0.005,0.0,0.01,"{""batch_size"": 512, ""dropout"": 0.5, ""latent_dim"": 256, ""lr"": 0.005, ""reg_2"": 0.01}",COMPLETE
16,0.042385555561736725,2026-10-06 19:46:28.876410,2026-10-06 19:47:24.752781,0 days 00:00:55.876371,256,0.5,256,0.005,0.0,0.01,"{""batch_size"": 256, ""dropout"": 0.5, ""latent_dim"": 256, ""lr"": 0.005, ""reg_2"": 0.01}",COMPLETE
17,0.04697343628991333,2026-10-06 19:47:24.756162,2026-10-06 19:48:09.629595,0 days 00:00:44.873433,256,0.1,256,0.005,0.0,0.1,"{""batch_size"": 256, ""dropout"": 0.1, ""latent_dim"": 256, ""lr"": 0.005, ""reg_2"": 0.1}",COMPLETE
18,0.05243353535888994,2026-10-06 19:48:09.633034,2026-10-06 19:48:53.760987,0 days 00:00:44.127953,256,0.1,256,0.005,0.0,0.1,"{""batch_size"": 256, ""dropout"": 0.1, ""latent_dim"": 256, ""lr"": 0.005, ""reg_2"": 0.1}",COMPLETE
19,0.010497561437820433,2026-10-06 19:48:53.763853,2026-10-06 19:49:20.557300,0 days 00:00:26.793447,256,0.3,16,0.005,0.0,0.1,"{""batch_size"": 256, ""dropout"": 0.3, ""latent_dim"": 16, ""lr"": 0.005, ""reg_2"": 0.1}",COMPLETE
