number,value,datetime_start,datetime_complete,duration,params_anneal_cap,params_batch_size,params_dropout,params_latent_dim,params_lr,system_attrs_tpe:relative_params:0,state
0,0.29409282771172895,2026-10-06 17:47:11.246463,2026-10-06 17:47:28.517450,0 days 00:00:17.270987,0.5,512,0.2,512,0.005,,COMPLETE
1,0.3514218514379703,2026-10-06 17:47:28.517741,2026-10-06 17:47:44.143047,0 days 00:00:15.625306,0.2,512,0.7,128,0.0001,,COMPLETE
2,0.3027947526776851,2026-10-06 17:47:44.143359,2026-10-06 17:48:04.407322,0 days 00:00:20.263963,0.1,128,0.7,64,0.005,,COMPLETE
3,0.34931370229482567,2026-10-06 17:48:04.407499,2026-10-06 17:48:19.639068,0 days 00:00:15.231569,0.05,512,0.2,128,0.0001,,COMPLETE
4,0.34942384717684943,2026-10-06 17:48:19.639410,2026-10-06 17:48:38.809027,0 days 00:00:19.169617,0.5,128,0.8,32,0.0001,,COMPLETE
5,0.3011906603241721,2026-10-06 17:48:38.809203,2026-10-06 17:49:02.913729,0 days 00:00:24.104526,0.1,64,0.7,128,0.01,,COMPLETE
6,0.3578878500723995,2026-10-06 17:49:02.913944,2026-10-06 17:49:23.594960,0 days 00:00:20.681016,0.05,128,0.5,32,0.0001,,COMPLETE
7,0.31487012594011937,2026-10-06 17:49:23.595142,2026-10-06 17:49:40.861381,0 days 00:00:17.266239,0.1,128,0.0,256,0.001,,COMPLETE
8,0.35149639099287644,2026-10-06 17:49:40.861575,2026-10-06 17:49:57.335129,0 days 00:00:16.473554,0.2,256,0.2,64,0.0001,,COMPLETE
9,0.34761436161473,2026-10-06 17:49:57.335354,2026-10-06 17:50:22.197847,0 days 00:00:24.862493,0.2,64,0.2,512,0.0001,,COMPLETE
10,0.35928740369923245,2026-10-06 17:50:22.198054,2026-10-06 17:50:42.396179,0 days 00:00:20.198125,0.05,128,0.5,32,0.0001,"{""anneal_cap"": 0.05, ""batch_size"": 128, ""dropout"": 0.5, ""latent_dim"": 32, ""lr"": 0.0001}",COMPLETE
11,0.3229504073485876,2026-10-06 17:50:42.396372,2026-10-06 17:50:57.880954,0 days 00:00:15.484582,0.05,512,0.5,32,0.01,"{""anneal_cap"": 0.05, ""batch_size"": 512, ""dropout"": 0.5, ""latent_dim"": 32, ""lr"": 0.01}",COMPLETE
12,0.35720929278492847,2026-10-06 17:50:57.881151,2026-10-06 17:51:18.521076,0 days 00:00:20.639925,0.05,128,0.5,512,0.0001,"{""anneal_cap"": 0.05, ""batch_size"": 128, ""dropout"": 0.5, ""latent_dim"": 512, ""lr"": 0.0001}",COMPLETE
13,0.35399182853410655,2026-10-06 17:51:18.521266,2026-10-06 17:51:38.700757,0 days 00:00:20.179491,0.2,128,0.5,32,5e-05,"{""anneal_cap"": 0.2, ""batch_size"": 128, ""dropout"": 0.5, ""latent_dim"": 32, ""lr"": 5e-05}",COMPLETE
14,0.2967041339213494,2026-10-06 17:51:38.700948,2026-10-06 17:51:57.768605,0 days 00:00:19.067657,0.05,128,0.2,32,0.005,"{""anneal_cap"": 0.05, ""batch_size"": 128, ""dropout"": 0.2, ""latent_dim"": 32, ""lr"": 0.005}",COMPLETE
15,0.3591143982443325,2026-10-06 17:51:57.768895,2026-10-06 17:52:15.275498,0 days 00:00:17.506603,0.05,128,0.0,32,0.0001,"{""anneal_cap"": 0.05, ""batch_size"": 128, ""dropout"": 0.0, ""latent_dim"": 32, ""lr"": 0.0001}",COMPLETE
16,0.3596343531452776,2026-10-06 17:52:15.275674,2026-10-06 17:52:30.289682,0 days 00:00:15.014008,0.05,256,0.0,32,0.0001,"{""anneal_cap"": 0.05, ""batch_size"": 256, ""dropout"": 0.0, ""latent_dim"": 32, ""lr"": 0.0001}",COMPLETE
17,0.3183203344417393,2026-10-06 17:52:30.289862,2026-10-06 17:52:47.500874,0 days 00:00:17.211012,0.5,256,0.0,32,0.001,"{""anneal_cap"": 0.5, ""batch_size"": 256, ""dropout"": 0.0, ""latent_dim"": 32, ""lr"": 0.001}",COMPLETE
18,0.3484406060648739,2026-10-06 17:52:47.501114,2026-10-06 17:53:03.234401,0 days 00:00:15.733287,0.05,256,0.0,512,5e-05,"{""anneal_cap"": 0.05, ""batch_size"": 256, ""dropout"": 0.0, ""latent_dim"": 512, ""lr"": 5e-05}",COMPLETE
19,0.3511021238592609,2026-10-06 17:53:03.234570,2026-10-06 17:53:20.132509,0 days 00:00:16.897939,0.05,256,0.7,256,0.0001,"{""anneal_cap"": 0.05, ""batch_size"": 256, ""dropout"": 0.7, ""latent_dim"": 256, ""lr"": 0.0001}",COMPLETE
