number,value,datetime_start,datetime_complete,duration,params_anneal_cap,params_batch_size,params_dropout,params_latent_dim,params_lr,system_attrs_tpe:relative_params:0,state
0,0.03395034571355084,2026-10-06 18:14:11.377219,2026-10-06 18:15:41.113005,0 days 00:01:29.735786,0.5,512,0.2,512,0.005,,COMPLETE
1,0.006548781916123761,2026-10-06 18:15:41.132667,2026-10-06 18:16:57.629128,0 days 00:01:16.496461,0.2,512,0.7,128,0.0001,,COMPLETE
2,0.025303196855007166,2026-10-06 18:16:57.657120,2026-10-06 18:19:28.858589,0 days 00:02:31.201469,0.1,128,0.7,64,0.005,,COMPLETE
3,0.0029188903021399077,2026-10-06 18:19:28.869974,2026-10-06 18:20:46.723028,0 days 00:01:17.853054,0.05,512,0.2,128,0.0001,,COMPLETE
4,0.00482905013241539,2026-10-06 18:20:46.748490,2026-10-06 18:23:46.917614,0 days 00:03:00.169124,0.5,128,0.8,32,0.0001,,COMPLETE
5,0.006185104556385081,2026-10-06 18:23:46.927853,2026-10-06 18:29:05.570105,0 days 00:05:18.642252,0.1,64,0.7,128,0.01,,COMPLETE
6,0.00406630444369315,2026-10-06 18:29:05.595628,2026-10-06 18:33:00.115595,0 days 00:03:54.519967,0.05,128,0.5,32,0.0001,,COMPLETE
7,0.045678730291135915,2026-10-06 18:33:00.126256,2026-10-06 18:39:06.374554,0 days 00:06:06.248298,0.1,128,0.0,256,0.001,,COMPLETE
8,0.004400195725959992,2026-10-06 18:39:06.406627,2026-10-06 18:41:22.156004,0 days 00:02:15.749377,0.2,256,0.2,64,0.0001,,COMPLETE
9,0.005180616040191189,2026-10-06 18:41:22.181476,2026-10-06 18:46:09.064691,0 days 00:04:46.883215,0.2,64,0.2,512,0.0001,,COMPLETE
10,0.041074916149924326,2026-10-06 18:46:09.095935,2026-10-06 18:49:25.553357,0 days 00:03:16.457422,0.1,128,0.0,256,0.001,"{""anneal_cap"": 0.1, ""batch_size"": 128, ""dropout"": 0.0, ""latent_dim"": 256, ""lr"": 0.001}",COMPLETE
11,0.022907586865876423,2026-10-06 18:49:25.564308,2026-10-06 18:51:30.820605,0 days 00:02:05.256297,0.1,256,0.0,256,0.001,"{""anneal_cap"": 0.1, ""batch_size"": 256, ""dropout"": 0.0, ""latent_dim"": 256, ""lr"": 0.001}",COMPLETE
12,0.00812236121940146,2026-10-06 18:51:30.849356,2026-10-06 18:55:11.522599,0 days 00:03:40.673243,0.1,128,0.0,256,0.01,"{""anneal_cap"": 0.1, ""batch_size"": 128, ""dropout"": 0.0, ""latent_dim"": 256, ""lr"": 0.01}",COMPLETE
13,0.030270402598430408,2026-10-06 18:55:11.586850,2026-10-06 18:58:42.449413,0 days 00:03:30.862563,0.2,128,0.8,256,0.001,"{""anneal_cap"": 0.2, ""batch_size"": 128, ""dropout"": 0.8, ""latent_dim"": 256, ""lr"": 0.001}",COMPLETE
14,0.034657732017596,2026-10-06 18:58:42.468951,2026-10-06 19:02:23.995626,0 days 00:03:41.526675,0.05,128,0.0,256,0.001,"{""anneal_cap"": 0.05, ""batch_size"": 128, ""dropout"": 0.0, ""latent_dim"": 256, ""lr"": 0.001}",COMPLETE
15,0.03435294405696634,2026-10-06 19:02:24.054916,2026-10-06 19:04:27.374808,0 days 00:02:03.319892,0.1,128,0.0,32,0.001,"{""anneal_cap"": 0.1, ""batch_size"": 128, ""dropout"": 0.0, ""latent_dim"": 32, ""lr"": 0.001}",COMPLETE
16,0.04089500649631498,2026-10-06 19:04:27.414706,2026-10-06 19:08:02.193278,0 days 00:03:34.778572,0.1,128,0.2,512,0.001,"{""anneal_cap"": 0.1, ""batch_size"": 128, ""dropout"": 0.2, ""latent_dim"": 512, ""lr"": 0.001}",COMPLETE
17,0.010107437077680791,2026-10-06 19:08:02.205024,2026-10-06 19:15:06.963085,0 days 00:07:04.758061,0.1,64,0.5,256,0.005,"{""anneal_cap"": 0.1, ""batch_size"": 64, ""dropout"": 0.5, ""latent_dim"": 256, ""lr"": 0.005}",COMPLETE
18,0.018402311006623776,2026-10-06 19:15:06.978467,2026-10-06 19:18:37.488549,0 days 00:03:30.510082,0.1,128,0.0,128,0.0005,"{""anneal_cap"": 0.1, ""batch_size"": 128, ""dropout"": 0.0, ""latent_dim"": 128, ""lr"": 0.0005}",COMPLETE
19,0.004173812607288636,2026-10-06 19:18:37.517900,2026-10-06 19:22:22.530206,0 days 00:03:45.012306,0.5,128,0.5,256,5e-05,"{""anneal_cap"": 0.5, ""batch_size"": 128, ""dropout"": 0.5, ""latent_dim"": 256, ""lr"": 5e-05}",COMPLETE
